-------------------------------------------------------------------------------
Test set: tests.CurrencyExchangeTest
-------------------------------------------------------------------------------
Tests run: 1, Failures: 0, Errors: 1, Skipped: 0, Time elapsed: 76.37 s <<< FAILURE! -- in tests.CurrencyExchangeTest
tests.CurrencyExchangeTest.testCurrencyExchange -- Time elapsed: 76.35 s <<< ERROR!
org.openqa.selenium.TimeoutException: 
Expected condition failed: From Account value not found
 (tried for 10 second(s) with 500 milliseconds interval)
	at org.openqa.selenium.support.ui.WebDriverWait.timeoutException(WebDriverWait.java:84)
	at org.openqa.selenium.support.ui.FluentWait.until(FluentWait.java:228)
	at lib.ui.MainPageObject.waitForElementPresent(MainPageObject.java:42)
	at lib.ui.MainPageObject.waitForElementPresent(MainPageObject.java:47)
	at lib.ui.CurrencyExchangePageObject.verifyConfirmationDetails(CurrencyExchangePageObject.java:514)
	at tests.CurrencyExchangeTest.testCurrencyExchange(CurrencyExchangeTest.java:84)
	at java.base/java.lang.reflect.Method.invoke(Method.java:565)
	at java.base/java.util.ArrayList.forEach(ArrayList.java:1604)
	at java.base/java.util.ArrayList.forEach(ArrayList.java:1604)
Caused by: org.openqa.selenium.NoSuchElementException: An element could not be located on the page using the given search parameters.
For documentation on this error, please visit: https://www.selenium.dev/documentation/webdriver/troubleshooting/errors#no-such-element-exception
Build info: version: '4.18.1', revision: 'b1d3319b48'
System info: os.name: 'Mac OS X', os.arch: 'aarch64', os.version: '15.3.2', java.version: '24.0.1'
Driver info: io.appium.java_client.ios.IOSDriver
Command: [f8700cd2-f654-4942-bd61-d80218207fdb, findElement {value=(//android.widget.TextView[@resource-id='com.crassula.demo:id/labelValue'])[1], using=xpath}]
Capabilities {appium:app: /Users/rafomanukyan/Desktop..., appium:autoAcceptAlerts: true, appium:autoAcceptAlertsDelay: 5000, appium:automationName: XCUITest, appium:databaseEnabled: false, appium:deviceName: iPhone 16 Plus, appium:javascriptEnabled: true, appium:locationContextEnabled: false, appium:networkConnectionEnabled: false, appium:platformVersion: 18.4, appium:takesScreenshot: true, appium:udid: 901038E9-9E45-4E55-9D1F-1B5..., appium:webStorageEnabled: false, platformName: IOS}
Session ID: f8700cd2-f654-4942-bd61-d80218207fdb
	at java.base/jdk.internal.reflect.DirectConstructorHandleAccessor.newInstance(DirectConstructorHandleAccessor.java:62)
	at java.base/java.lang.reflect.Constructor.newInstanceWithCaller(Constructor.java:499)
	at java.base/java.lang.reflect.Constructor.newInstance(Constructor.java:483)
	at org.openqa.selenium.remote.ErrorCodec.decode(ErrorCodec.java:167)
	at org.openqa.selenium.remote.codec.w3c.W3CHttpResponseCodec.decode(W3CHttpResponseCodec.java:138)
	at org.openqa.selenium.remote.codec.w3c.W3CHttpResponseCodec.decode(W3CHttpResponseCodec.java:50)
	at org.openqa.selenium.remote.HttpCommandExecutor.execute(HttpCommandExecutor.java:190)
	at io.appium.java_client.remote.AppiumCommandExecutor.execute(AppiumCommandExecutor.java:238)
	at org.openqa.selenium.remote.RemoteWebDriver.execute(RemoteWebDriver.java:519)
	at org.openqa.selenium.remote.ElementLocation$ElementFinder$2.findElement(ElementLocation.java:165)
	at org.openqa.selenium.remote.ElementLocation.findElement(ElementLocation.java:59)
	at org.openqa.selenium.remote.RemoteWebDriver.findElement(RemoteWebDriver.java:356)
	at org.openqa.selenium.remote.RemoteWebDriver.findElement(RemoteWebDriver.java:350)
	at org.openqa.selenium.support.ui.ExpectedConditions$6.apply(ExpectedConditions.java:171)
	at org.openqa.selenium.support.ui.ExpectedConditions$6.apply(ExpectedConditions.java:168)
	at org.openqa.selenium.support.ui.FluentWait.until(FluentWait.java:203)
	... 7 more

